2020-04-01 09:22:10.791  INFO 17336 --- [main] c.d.monitor.nx.MonitorNxApplication      : Starting MonitorNxApplication on dell-PC with PID 17336 (E:\zyj\ideaCode\monitor-nx\target\classes started by dell in E:\zyj\ideaCode\monitor-nx)
2020-04-01 09:22:10.801 DEBUG 17336 --- [main] c.d.monitor.nx.MonitorNxApplication      : Running with Spring Boot v2.2.5.RELEASE, Spring v5.2.4.RELEASE
2020-04-01 09:22:10.801  INFO 17336 --- [main] c.d.monitor.nx.MonitorNxApplication      : The following profiles are active: zyj
2020-04-01 09:22:12.154  INFO 17336 --- [main] o.s.b.w.embedded.tomcat.TomcatWebServer  : Tomcat initialized with port(s): 8080 (http)
2020-04-01 09:22:12.161  INFO 17336 --- [main] o.apache.catalina.core.StandardService   : Starting service [Tomcat]
2020-04-01 09:22:12.161  INFO 17336 --- [main] org.apache.catalina.core.StandardEngine  : Starting Servlet engine: [Apache Tomcat/9.0.31]
2020-04-01 09:22:12.254  INFO 17336 --- [main] o.a.c.c.C.[Tomcat].[localhost].[/]       : Initializing Spring embedded WebApplicationContext
2020-04-01 09:22:12.255  INFO 17336 --- [main] o.s.web.context.ContextLoader            : Root WebApplicationContext: initialization completed in 1398 ms
2020-04-01 09:22:12.316  INFO 17336 --- [main] c.a.d.s.b.a.DruidDataSourceAutoConfigure : Init DruidDataSource
2020-04-01 09:22:12.910  INFO 17336 --- [main] com.alibaba.druid.pool.DruidDataSource   : {dataSource-1} inited
2020-04-01 09:22:13.707  INFO 17336 --- [main] pertySourcedRequestMappingHandlerMapping : Mapped URL path [/v2/api-docs] onto method [springfox.documentation.swagger2.web.Swagger2Controller#getDocumentation(String, HttpServletRequest)]
2020-04-01 09:22:13.824  INFO 17336 --- [main] o.s.s.concurrent.ThreadPoolTaskExecutor  : Initializing ExecutorService 'applicationTaskExecutor'
2020-04-01 09:22:13.962  INFO 17336 --- [main] t.m.m.autoconfigure.MapperCacheDisabler  : Clear tk.mybatis.mapper.util.MsUtil CLASS_CACHE cache.
2020-04-01 09:22:13.963  INFO 17336 --- [main] t.m.m.autoconfigure.MapperCacheDisabler  : Clear tk.mybatis.mapper.genid.GenIdUtil CACHE cache.
2020-04-01 09:22:13.963  INFO 17336 --- [main] t.m.m.autoconfigure.MapperCacheDisabler  : Clear tk.mybatis.mapper.version.VersionUtil CACHE cache.
2020-04-01 09:22:13.963  INFO 17336 --- [main] t.m.m.autoconfigure.MapperCacheDisabler  : Clear EntityHelper entityTableMap cache.
2020-04-01 09:22:13.987  INFO 17336 --- [main] d.s.w.p.DocumentationPluginsBootstrapper : Context refreshed
2020-04-01 09:22:14.000  INFO 17336 --- [main] d.s.w.p.DocumentationPluginsBootstrapper : Found 3 custom documentation plugin(s)
2020-04-01 09:22:14.030  INFO 17336 --- [main] s.d.s.w.s.ApiListingReferenceScanner     : Scanning for api listing references
2020-04-01 09:22:14.273  INFO 17336 --- [main] s.d.s.w.s.ApiListingReferenceScanner     : Scanning for api listing references
2020-04-01 09:22:14.289  INFO 17336 --- [main] s.d.s.w.s.ApiListingReferenceScanner     : Scanning for api listing references
2020-04-01 09:22:14.391  INFO 17336 --- [main] o.s.b.w.embedded.tomcat.TomcatWebServer  : Tomcat started on port(s): 8080 (http) with context path ''
2020-04-01 09:22:14.394  INFO 17336 --- [main] c.d.monitor.nx.MonitorNxApplication      : Started MonitorNxApplication in 3.954 seconds (JVM running for 4.59)
2020-04-01 12:04:03.709  INFO 16936 --- [main] c.d.monitor.nx.MonitorNxApplication      : Starting MonitorNxApplication on dell-PC with PID 16936 (E:\zyj\ideaCode\monitor-nx\target\classes started by dell in E:\zyj\ideaCode\monitor-nx)
2020-04-01 12:04:03.712 DEBUG 16936 --- [main] c.d.monitor.nx.MonitorNxApplication      : Running with Spring Boot v2.2.5.RELEASE, Spring v5.2.4.RELEASE
2020-04-01 12:04:03.712  INFO 16936 --- [main] c.d.monitor.nx.MonitorNxApplication      : The following profiles are active: zyj
2020-04-01 12:04:05.065  INFO 16936 --- [main] o.s.b.w.embedded.tomcat.TomcatWebServer  : Tomcat initialized with port(s): 8080 (http)
2020-04-01 12:04:05.073  INFO 16936 --- [main] o.apache.catalina.core.StandardService   : Starting service [Tomcat]
2020-04-01 12:04:05.074  INFO 16936 --- [main] org.apache.catalina.core.StandardEngine  : Starting Servlet engine: [Apache Tomcat/9.0.31]
2020-04-01 12:04:05.148  INFO 16936 --- [main] o.a.c.c.C.[Tomcat].[localhost].[/]       : Initializing Spring embedded WebApplicationContext
2020-04-01 12:04:05.149  INFO 16936 --- [main] o.s.web.context.ContextLoader            : Root WebApplicationContext: initialization completed in 1388 ms
2020-04-01 12:04:05.218  INFO 16936 --- [main] c.a.d.s.b.a.DruidDataSourceAutoConfigure : Init DruidDataSource
2020-04-01 12:04:05.753  INFO 16936 --- [main] com.alibaba.druid.pool.DruidDataSource   : {dataSource-1} inited
2020-04-01 12:04:06.604  INFO 16936 --- [main] pertySourcedRequestMappingHandlerMapping : Mapped URL path [/v2/api-docs] onto method [springfox.documentation.swagger2.web.Swagger2Controller#getDocumentation(String, HttpServletRequest)]
2020-04-01 12:04:06.741  INFO 16936 --- [main] o.s.s.concurrent.ThreadPoolTaskExecutor  : Initializing ExecutorService 'applicationTaskExecutor'
2020-04-01 12:04:06.887  INFO 16936 --- [main] t.m.m.autoconfigure.MapperCacheDisabler  : Clear tk.mybatis.mapper.util.MsUtil CLASS_CACHE cache.
2020-04-01 12:04:06.887  INFO 16936 --- [main] t.m.m.autoconfigure.MapperCacheDisabler  : Clear tk.mybatis.mapper.genid.GenIdUtil CACHE cache.
2020-04-01 12:04:06.888  INFO 16936 --- [main] t.m.m.autoconfigure.MapperCacheDisabler  : Clear tk.mybatis.mapper.version.VersionUtil CACHE cache.
2020-04-01 12:04:06.888  INFO 16936 --- [main] t.m.m.autoconfigure.MapperCacheDisabler  : Clear EntityHelper entityTableMap cache.
2020-04-01 12:04:06.916  INFO 16936 --- [main] d.s.w.p.DocumentationPluginsBootstrapper : Context refreshed
2020-04-01 12:04:06.931  INFO 16936 --- [main] d.s.w.p.DocumentationPluginsBootstrapper : Found 3 custom documentation plugin(s)
2020-04-01 12:04:06.958  INFO 16936 --- [main] s.d.s.w.s.ApiListingReferenceScanner     : Scanning for api listing references
2020-04-01 12:04:07.240  INFO 16936 --- [main] s.d.s.w.s.ApiListingReferenceScanner     : Scanning for api listing references
2020-04-01 12:04:07.257  INFO 16936 --- [main] s.d.s.w.s.ApiListingReferenceScanner     : Scanning for api listing references
2020-04-01 12:04:07.372  INFO 16936 --- [main] o.s.b.w.embedded.tomcat.TomcatWebServer  : Tomcat started on port(s): 8080 (http) with context path ''
2020-04-01 12:04:07.375  INFO 16936 --- [main] c.d.monitor.nx.MonitorNxApplication      : Started MonitorNxApplication in 4.034 seconds (JVM running for 4.7)
